{
  "stats": {
    "suites": 1,
    "tests": 1,
    "passes": 0,
    "pending": 0,
    "failures": 1,
    "start": "2022-03-09T08:47:38.533Z",
    "end": "2022-03-09T08:48:19.569Z",
    "duration": 41036,
    "testsRegistered": 1,
    "passPercent": 0,
    "pendingPercent": 0,
    "other": 0,
    "hasOther": false,
    "skipped": 0,
    "hasSkipped": false
  },
  "results": [
    {
      "uuid": "c6aa4e4c-0036-4851-a056-8031348fa56a",
      "title": "",
      "fullFile": "cypress/integration/examples/02_Practice.js",
      "file": "cypress/integration/examples/02_Practice.js",
      "beforeHooks": [],
      "afterHooks": [],
      "tests": [],
      "suites": [
        {
          "uuid": "e23df3fb-eb27-4f56-8964-f16ad86d4736",
          "title": "Forgot Password From Practice and Set new password",
          "fullFile": "",
          "file": "",
          "beforeHooks": [],
          "afterHooks": [],
          "tests": [
            {
              "title": "Verifing Forgot Password.",
              "fullTitle": "Forgot Password From Practice and Set new password Verifing Forgot Password.",
              "timedOut": null,
              "duration": 30285,
              "state": "failed",
              "speed": null,
              "pass": false,
              "fail": true,
              "pending": false,
              "context": null,
              "code": "cy.PracticeForgotPassword();",
              "err": {
                "message": "CypressError: `cy.screenshot()` timed out waiting `30000ms` to complete.\n\nBecause this error occurred during a `after all` hook we are skipping all of the remaining tests.\n\nAlthough you have test retries enabled, we do not retry tests when `before all` or `after all` hooks fail",
                "estack": "CypressError: `cy.screenshot()` timed out waiting `30000ms` to complete.\n\nBecause this error occurred during a `after all` hook we are skipping all of the remaining tests.\n\nAlthough you have test retries enabled, we do not retry tests when `before all` or `after all` hooks fail\n    at https://ibis-dev.droicelabs.us/__cypress/runner/cypress_runner.js:160737:81\n    at tryCatcher (https://ibis-dev.droicelabs.us/__cypress/runner/cypress_runner.js:13022:23)\n    at https://ibis-dev.droicelabs.us/__cypress/runner/cypress_runner.js:8144:41\n    at tryCatcher (https://ibis-dev.droicelabs.us/__cypress/runner/cypress_runner.js:13022:23)\n    at Promise._settlePromiseFromHandler (https://ibis-dev.droicelabs.us/__cypress/runner/cypress_runner.js:10957:31)\n    at Promise._settlePromise (https://ibis-dev.droicelabs.us/__cypress/runner/cypress_runner.js:11014:18)\n    at Promise._settlePromise0 (https://ibis-dev.droicelabs.us/__cypress/runner/cypress_runner.js:11059:10)\n    at Promise._settlePromises (https://ibis-dev.droicelabs.us/__cypress/runner/cypress_runner.js:11135:18)\n    at _drainQueueStep (https://ibis-dev.droicelabs.us/__cypress/runner/cypress_runner.js:7729:12)\n    at _drainQueue (https://ibis-dev.droicelabs.us/__cypress/runner/cypress_runner.js:7722:9)\n    at Async.../../node_modules/bluebird/js/release/async.js.Async._drainQueues (https://ibis-dev.droicelabs.us/__cypress/runner/cypress_runner.js:7738:5)\n    at Async.drainQueues (https://ibis-dev.droicelabs.us/__cypress/runner/cypress_runner.js:7608:14)",
                "diff": null
              },
              "uuid": "3294bcfc-ef1d-4173-9446-ace6e3020c3a",
              "parentUUID": "e23df3fb-eb27-4f56-8964-f16ad86d4736",
              "isHook": false,
              "skipped": false
            }
          ],
          "suites": [],
          "passes": [],
          "failures": [
            "3294bcfc-ef1d-4173-9446-ace6e3020c3a"
          ],
          "pending": [],
          "skipped": [],
          "duration": 30285,
          "root": false,
          "rootEmpty": false,
          "_timeout": 2000
        }
      ],
      "passes": [],
      "failures": [],
      "pending": [],
      "skipped": [],
      "duration": 0,
      "root": true,
      "rootEmpty": true,
      "_timeout": 2000
    }
  ],
  "meta": {
    "mocha": {
      "version": "7.0.1"
    },
    "mochawesome": {
      "options": {
        "quiet": false,
        "reportFilename": "Legrande Cypress Test Report",
        "saveHtml": false,
        "saveJson": true,
        "consoleReporter": "spec",
        "useInlineDiffs": false,
        "code": true
      },
      "version": "6.2.2"
    },
    "marge": {
      "options": {
        "reportDir": "cypress\\Reports\\.jsons",
        "charts": true,
        "overwrite": false,
        "html": false,
        "json": true,
        "reportPageTitle": "Legrande Cypress",
        "reportFilename": "Legrande Cypress Test Report",
        "embeddedScreenshots": true,
        "inlineAssets": true
      },
      "version": "5.2.0"
    }
  }
}